<?xml version="1.0" encoding="utf-8"?><testsuites><testsuite name="pytest" errors="0" failures="0" skipped="0" tests="54" time="13.999" timestamp="2022-05-02T18:51:02.451594" hostname="gogoduandembp"><testcase classname="gallery.test_model.ModelTest" name="test_ban_comment" time="0.218" /><testcase classname="gallery.test_model.ModelTest" name="test_ban_user" time="0.215" /><testcase classname="gallery.test_model.ModelTest" name="test_change_gallery_cover" time="0.227" /><testcase classname="gallery.test_model.ModelTest" name="test_change_gallery_info" time="0.213" /><testcase classname="gallery.test_model.ModelTest" name="test_change_gallery_layout" time="0.222" /><testcase classname="gallery.test_model.ModelTest" name="test_change_gallery_title" time="0.211" /><testcase classname="gallery.test_model.ModelTest" name="test_change_password" time="0.371" /><testcase classname="gallery.test_model.ModelTest" name="test_change_photo_info" time="0.211" /><testcase classname="gallery.test_model.ModelTest" name="test_change_photo_titile" time="0.211" /><testcase classname="gallery.test_model.ModelTest" name="test_change_user_avatar" time="0.472" /><testcase classname="gallery.test_model.ModelTest" name="test_comment_photo" time="0.491" /><testcase classname="gallery.test_model.ModelTest" name="test_create_gallery" time="0.246" /><testcase classname="gallery.test_model.ModelTest" name="test_create_photo_base64" time="0.216" /><testcase classname="gallery.test_model.ModelTest" name="test_create_user" time="0.317" /><testcase classname="gallery.test_model.ModelTest" name="test_delete_comment" time="0.211" /><testcase classname="gallery.test_model.ModelTest" name="test_delete_gallery" time="0.212" /><testcase classname="gallery.test_model.ModelTest" name="test_delete_photo" time="0.212" /><testcase classname="gallery.test_model.ModelTest" name="test_forbid_comment_and_revive_comment" time="0.211" /><testcase classname="gallery.test_model.ModelTest" name="test_from_comment_to_dict" time="0.211" /><testcase classname="gallery.test_model.ModelTest" name="test_from_gallery_to_dict" time="0.220" /><testcase classname="gallery.test_model.ModelTest" name="test_from_photo_to_dict" time="0.212" /><testcase classname="gallery.test_model.ModelTest" name="test_from_user_to_dict" time="0.463" /><testcase classname="gallery.test_model.ModelTest" name="test_gallery_advanced_search" time="0.223" /><testcase classname="gallery.test_model.ModelTest" name="test_gallery_comment_advanced_search" time="0.213" /><testcase classname="gallery.test_model.ModelTest" name="test_gallery_liked" time="0.212" /><testcase classname="gallery.test_model.ModelTest" name="test_get_all_galleries" time="0.256" /><testcase classname="gallery.test_model.ModelTest" name="test_get_all_photos" time="0.517" /><testcase classname="gallery.test_model.ModelTest" name="test_get_comments" time="0.212" /><testcase classname="gallery.test_model.ModelTest" name="test_get_galleries" time="0.211" /><testcase classname="gallery.test_model.ModelTest" name="test_get_gallery_photos" time="0.210" /><testcase classname="gallery.test_model.ModelTest" name="test_get_photo_tag" time="0.211" /><testcase classname="gallery.test_model.ModelTest" name="test_get_photos" time="0.210" /><testcase classname="gallery.test_model.ModelTest" name="test_get_tag_photos" time="0.212" /><testcase classname="gallery.test_model.ModelTest" name="test_get_user" time="0.460" /><testcase classname="gallery.test_model.ModelTest" name="test_get_user_comments" time="0.211" /><testcase classname="gallery.test_model.ModelTest" name="test_io" time="0.212" /><testcase classname="gallery.test_model.ModelTest" name="test_is_banned" time="0.267" /><testcase classname="gallery.test_model.ModelTest" name="test_kill_user_and_is_killed" time="0.217" /><testcase classname="gallery.test_model.ModelTest" name="test_like_comment" time="0.212" /><testcase classname="gallery.test_model.ModelTest" name="test_liked_comment" time="0.218" /><testcase classname="gallery.test_model.ModelTest" name="test_password_accuracy" time="0.261" /><testcase classname="gallery.test_model.ModelTest" name="test_photo_advanced_search" time="0.215" /><testcase classname="gallery.test_model.ModelTest" name="test_photo_change_tags" time="0.214" /><testcase classname="gallery.test_model.ModelTest" name="test_photo_comment_advanced_search" time="0.213" /><testcase classname="gallery.test_model.ModelTest" name="test_photo_liked_and_like_photo" time="0.214" /><testcase classname="gallery.test_model.ModelTest" name="test_photo_remove_tags_and_photo_add_tags" time="0.212" /><testcase classname="gallery.test_model.ModelTest" name="test_remove_photo_from_gallery_and_add_photo_to_gallery" time="0.213" /><testcase classname="gallery.test_model.ModelTest" name="test_report_gallery_comment" time="0.211" /><testcase classname="gallery.test_model.ModelTest" name="test_report_photo_comment" time="0.211" /><testcase classname="gallery.test_model.ModelTest" name="test_search_gallery" time="0.219" /><testcase classname="gallery.test_model.ModelTest" name="test_set_group_id" time="0.211" /><testcase classname="gallery.test_model.ModelTest" name="test_unban_user" time="0.466" /><testcase classname="gallery.test_model.ModelTest" name="test_user_advanced_search" time="0.462" /><testcase classname="tests.test_avatar" name="test_avatar" time="0.000" /></testsuite></testsuites>